<?xml version="1.0" encoding="UTF-8"?>
<testng-results ignored="0" total="1" passed="1" failed="0" skipped="0">
  <reporter-output>
  </reporter-output>
  <suite started-at="2021-05-23T22:40:55 IST" name="Default suite" finished-at="2021-05-23T22:41:32 IST" duration-ms="37078">
    <groups>
    </groups>
    <test started-at="2021-05-23T22:40:55 IST" name="Default test" finished-at="2021-05-23T22:41:32 IST" duration-ms="37078">
      <class name="JudicialBranch.Testcase">
        <test-method signature="selectCities()[pri:0, instance:JudicialBranch.Testcase@7b02881e]" started-at="2021-05-23T22:40:55 IST" name="selectCities" finished-at="2021-05-23T22:41:32 IST" duration-ms="36961" status="PASS">
          <reporter-output>
          </reporter-output>
        </test-method> <!-- selectCities -->
      </class> <!-- JudicialBranch.Testcase -->
    </test> <!-- Default test -->
  </suite> <!-- Default suite -->
</testng-results>
